c:\users\asus\source\repos\myrpg\myrpg\debug\vc141.pdb
c:\users\asus\source\repos\myrpg\myrpg\debug\vc141.idb
c:\users\asus\source\repos\myrpg\myrpg\debug\myrpg.obj
c:\users\asus\source\repos\myrpg\myrpg\debug\mainfrm.obj
c:\users\asus\source\repos\myrpg\myrpg\debug\childview.obj
c:\users\asus\source\repos\myrpg\myrpg\debug\hero.obj
c:\users\asus\source\repos\myrpg\myrpg\debug\myrpg.pch
c:\users\asus\source\repos\myrpg\myrpg\debug\stdafx.obj
c:\users\asus\source\repos\myrpg\myrpg\debug\myrpg.res
c:\users\asus\source\repos\myrpg\debug\myrpg.pdb
c:\users\asus\source\repos\myrpg\myrpg\debug\myrpg.tlog\cl.command.1.tlog
c:\users\asus\source\repos\myrpg\myrpg\debug\myrpg.tlog\cl.read.1.tlog
c:\users\asus\source\repos\myrpg\myrpg\debug\myrpg.tlog\cl.write.1.tlog
c:\users\asus\source\repos\myrpg\myrpg\debug\myrpg.tlog\link-cvtres.read.1.tlog
c:\users\asus\source\repos\myrpg\myrpg\debug\myrpg.tlog\link-cvtres.write.1.tlog
c:\users\asus\source\repos\myrpg\myrpg\debug\myrpg.tlog\link-mt.read.1.tlog
c:\users\asus\source\repos\myrpg\myrpg\debug\myrpg.tlog\link-mt.write.1.tlog
c:\users\asus\source\repos\myrpg\myrpg\debug\myrpg.tlog\link-rc.read.1.tlog
c:\users\asus\source\repos\myrpg\myrpg\debug\myrpg.tlog\link-rc.write.1.tlog
c:\users\asus\source\repos\myrpg\myrpg\debug\myrpg.tlog\link.12216-cvtres.read.1.tlog
c:\users\asus\source\repos\myrpg\myrpg\debug\myrpg.tlog\link.12216-cvtres.write.1.tlog
c:\users\asus\source\repos\myrpg\myrpg\debug\myrpg.tlog\link.12216-mt.read.1.tlog
c:\users\asus\source\repos\myrpg\myrpg\debug\myrpg.tlog\link.12216-mt.write.1.tlog
c:\users\asus\source\repos\myrpg\myrpg\debug\myrpg.tlog\link.12216-rc.read.1.tlog
c:\users\asus\source\repos\myrpg\myrpg\debug\myrpg.tlog\link.12216-rc.write.1.tlog
c:\users\asus\source\repos\myrpg\myrpg\debug\myrpg.tlog\link.12216.read.1.tlog
c:\users\asus\source\repos\myrpg\myrpg\debug\myrpg.tlog\link.12216.write.1.tlog
c:\users\asus\source\repos\myrpg\myrpg\debug\myrpg.tlog\link.command.1.tlog
c:\users\asus\source\repos\myrpg\myrpg\debug\myrpg.tlog\link.read.1.tlog
c:\users\asus\source\repos\myrpg\myrpg\debug\myrpg.tlog\link.write.1.tlog
c:\users\asus\source\repos\myrpg\myrpg\debug\myrpg.tlog\rc.command.1.tlog
c:\users\asus\source\repos\myrpg\myrpg\debug\myrpg.tlog\rc.read.1.tlog
c:\users\asus\source\repos\myrpg\myrpg\debug\myrpg.tlog\rc.write.1.tlog
